<?xml version="1.0" encoding="UTF-8"?>
<Site BuildName="(empty)"
	BuildStamp="20241009-1229-Experimental"
	Name="hugh-ThinkPad-E15"
	Generator="ctest-3.22.1"
	CompilerName="/usr/bin/c++"
	CompilerVersion="11.4.0"
	OSName="Linux"
	Hostname="hugh-ThinkPad-E15"
	OSRelease="6.8.0-40-generic"
	OSVersion="#40~22.04.3-Ubuntu SMP PREEMPT_DYNAMIC Tue Jul 30 17:30:19 UTC 2"
	OSPlatform="x86_64"
	Is64Bits="1"
	VendorString="GenuineIntel"
	VendorID="Intel Corporation"
	FamilyID="6"
	ModelID="142"
	ProcessorCacheSize="8192"
	NumberOfLogicalCPU="8"
	NumberOfPhysicalCPU="4"
	TotalVirtualMemory="7628"
	TotalPhysicalMemory="15672"
	LogicalProcessorsPerPhysical="2"
	ProcessorClockFrequency="3205.07"
	>
	<Testing>
		<StartDateTime>Oct 10 00:07 AEDT</StartDateTime>
		<StartTestTime>1728479241</StartTestTime>
		<TestList/>
		<EndDateTime>Oct 10 00:07 AEDT</EndDateTime>
		<EndTestTime>1728479241</EndTestTime>
		<ElapsedMinutes>0</ElapsedMinutes>
	</Testing>
</Site>
